<?xml version="1.0" encoding="UTF-8" ?>
<testsuites disabled="0" errors="0" failures="0" tests="1" time="48.099">
 <testsuite name="Topcoder Tools Page Tests: " timestamp="2020-03-15T15:33:48" hostname="localhost" time="48.099" errors="0" tests="1" skipped="0" disabled="0" failures="0">
  <testcase classname="Topcoder Tools Page Tests: " name="should Verify User can Add/Update/Delete Subscriptions" time="27.806" />
 </testsuite>
</testsuites>