<?xml version="1.0" encoding="UTF-8" ?>
<testsuites disabled="0" errors="0" failures="0" tests="4" time="31.549">
 <testsuite name="Topcoder Login Page Tests: " timestamp="2020-03-15T15:33:17" hostname="localhost" time="31.549" errors="0" tests="4" skipped="0" disabled="0" failures="0">
  <testcase classname="Topcoder Login Page Tests: " name="should Verify User can login using valid credentials" time="11.815" />
  <testcase classname="Topcoder Login Page Tests: " name="should Verify User cannot login using invalid username" time="4.317" />
  <testcase classname="Topcoder Login Page Tests: " name="should Verify User cannot login using invalid password" time="5.701" />
  <testcase classname="Topcoder Login Page Tests: " name="should Verify User can logout" time="9.713" />
 </testsuite>
</testsuites>