<?xml version="1.0" encoding="UTF-8" ?>
<testsuites disabled="0" errors="0" failures="0" tests="4" time="36.423">
 <testsuite name="Topcoder Login Page Tests: " timestamp="2020-02-24T15:59:33" hostname="localhost" time="36.423" errors="0" tests="4" skipped="0" disabled="0" failures="0">
  <testcase classname="Topcoder Login Page Tests: " name="should Verify User can login using valid credentials" time="14.745" />
  <testcase classname="Topcoder Login Page Tests: " name="should Verify User cannot login using invalid username" time="4.525" />
  <testcase classname="Topcoder Login Page Tests: " name="should Verify User cannot login using invalid password" time="6.762" />
  <testcase classname="Topcoder Login Page Tests: " name="should Verify User can logout" time="10.388" />
 </testsuite>
</testsuites>